# JRE version: OpenJDK Runtime Environment (11.0.15) (build 11.0.15+0-b2043.56-8887301)
# Java VM: OpenJDK 64-Bit Server VM (11.0.15+0-b2043.56-8887301, mixed mode, tiered, compressed oops, g1 gc, windows-amd64)
Heap:
 garbage-first heap   total 122880K, used 33002K [0x0000000080000000, 0x0000000100000000)
  region size 1024K, 17 young (17408K), 6 survivors (6144K)
 Metaspace       used 38195K, capacity 39134K, committed 39324K, reserved 1083392K
  class space    used 4928K, capacity 5277K, committed 5400K, reserved 1048576K
GC Heap History (14 events):
Event: 1.964 GC heap before
{Heap before GC invocations=0 (full 0):
 garbage-first heap   total 122880K, used 29696K [0x0000000080000000, 0x0000000100000000)
  region size 1024K, 24 young (24576K), 0 survivors (0K)
 Metaspace       used 10129K, capacity 10337K, committed 10624K, reserved 1058816K
  class space    used 1033K, capacity 1108K, committed 1152K, reserved 1048576K
}
Event: 1.977 GC heap after
{Heap after GC invocations=1 (full 0):
 garbage-first heap   total 122880K, used 9179K [0x0000000080000000, 0x0000000100000000)
  region size 1024K, 3 young (3072K), 3 survivors (3072K)
 Metaspace       used 10129K, capacity 10337K, committed 10624K, reserved 1058816K
  class space    used 1033K, capacity 1108K, committed 1152K, reserved 1048576K
}
Event: 5.542 GC heap before
{Heap before GC invocations=1 (full 0):
 garbage-first heap   total 122880K, used 79835K [0x0000000080000000, 0x0000000100000000)
  region size 1024K, 72 young (73728K), 3 survivors (3072K)
 Metaspace       used 17778K, capacity 18173K, committed 18432K, reserved 1064960K
  class space    used 2071K, capacity 2211K, committed 2304K, reserved 1048576K
}
Event: 5.556 GC heap after
{Heap after GC invocations=2 (full 0):
 garbage-first heap   total 122880K, used 16232K [0x0000000080000000, 0x0000000100000000)
  region size 1024K, 9 young (9216K), 9 survivors (9216K)
 Metaspace       used 17778K, capacity 18173K, committed 18432K, reserved 1064960K
  class space    used 2071K, capacity 2211K, committed 2304K, reserved 1048576K
}
Event: 5.622 GC heap before
{Heap before GC invocations=2 (full 0):
 garbage-first heap   total 122880K, used 20328K [0x0000000080000000, 0x0000000100000000)
  region size 1024K, 13 young (13312K), 9 survivors (9216K)
 Metaspace       used 18095K, capacity 18505K, committed 18688K, reserved 1064960K
  class space    used 2126K, capacity 2280K, committed 2304K, reserved 1048576K
}
Event: 5.631 GC heap after
{Heap after GC invocations=3 (full 0):
 garbage-first heap   total 122880K, used 16690K [0x0000000080000000, 0x0000000100000000)
  region size 1024K, 1 young (1024K), 1 survivors (1024K)
 Metaspace       used 18095K, capacity 18505K, committed 18688K, reserved 1064960K
  class space    used 2126K, capacity 2280K, committed 2304K, reserved 1048576K
}
Event: 6.126 GC heap before
{Heap before GC invocations=3 (full 0):
 garbage-first heap   total 122880K, used 40242K [0x0000000080000000, 0x0000000100000000)
  region size 1024K, 26 young (26624K), 1 survivors (1024K)
 Metaspace       used 20799K, capacity 21197K, committed 21296K, reserved 1069056K
  class space    used 2528K, capacity 2687K, committed 2688K, reserved 1048576K
}
Event: 6.131 GC heap after
{Heap after GC invocations=4 (full 0):
 garbage-first heap   total 122880K, used 17121K [0x0000000080000000, 0x0000000100000000)
  region size 1024K, 1 young (1024K), 1 survivors (1024K)
 Metaspace       used 20799K, capacity 21197K, committed 21296K, reserved 1069056K
  class space    used 2528K, capacity 2687K, committed 2688K, reserved 1048576K
}
Event: 7.170 GC heap before
{Heap before GC invocations=5 (full 0):
 garbage-first heap   total 122880K, used 63201K [0x0000000080000000, 0x0000000100000000)
  region size 1024K, 46 young (47104K), 1 survivors (1024K)
 Metaspace       used 25570K, capacity 26213K, committed 26236K, reserved 1073152K
  class space    used 3299K, capacity 3517K, committed 3532K, reserved 1048576K
}
Event: 7.176 GC heap after
{Heap after GC invocations=6 (full 0):
 garbage-first heap   total 122880K, used 18857K [0x0000000080000000, 0x0000000100000000)
  region size 1024K, 3 young (3072K), 3 survivors (3072K)
 Metaspace       used 25570K, capacity 26213K, committed 26236K, reserved 1073152K
  class space    used 3299K, capacity 3517K, committed 3532K, reserved 1048576K
}
Event: 8.378 GC heap before
{Heap before GC invocations=6 (full 0):
 garbage-first heap   total 122880K, used 68009K [0x0000000080000000, 0x0000000100000000)
  region size 1024K, 51 young (52224K), 3 survivors (3072K)
 Metaspace       used 30135K, capacity 30821K, committed 30972K, reserved 1075200K
  class space    used 4018K, capacity 4314K, committed 4428K, reserved 1048576K
}
Event: 8.386 GC heap after
{Heap after GC invocations=7 (full 0):
 garbage-first heap   total 122880K, used 20256K [0x0000000080000000, 0x0000000100000000)
  region size 1024K, 4 young (4096K), 4 survivors (4096K)
 Metaspace       used 30135K, capacity 30821K, committed 30972K, reserved 1075200K
  class space    used 4018K, capacity 4314K, committed 4428K, reserved 1048576K
}
Event: 9.391 GC heap before
{Heap before GC invocations=7 (full 0):
 garbage-first heap   total 122880K, used 45856K [0x0000000080000000, 0x0000000100000000)
  region size 1024K, 30 young (30720K), 4 survivors (4096K)
 Metaspace       used 35085K, capacity 35958K, committed 36048K, reserved 1081344K
  class space    used 4570K, capacity 4921K, committed 4940K, reserved 1048576K
}
Event: 9.421 GC heap after
{Heap after GC invocations=8 (full 0):
 garbage-first heap   total 122880K, used 22762K [0x0000000080000000, 0x0000000100000000)
  region size 1024K, 6 young (6144K), 6 survivors (6144K)
 Metaspace       used 35085K, capacity 35958K, committed 36048K, reserved 1081344K
  class space    used 4570K, capacity 4921K, committed 4940K, reserved 1048576K
}

