# JRE version: OpenJDK Runtime Environment (11.0.15) (build 11.0.15+0-b2043.56-8887301)
# Java VM: OpenJDK 64-Bit Server VM (11.0.15+0-b2043.56-8887301, mixed mode, tiered, compressed oops, g1 gc, windows-amd64)
Heap:
 garbage-first heap   total 122880K, used 38246K [0x0000000080000000, 0x0000000100000000)
  region size 1024K, 23 young (23552K), 7 survivors (7168K)
 Metaspace       used 38450K, capacity 39377K, committed 39504K, reserved 1083392K
  class space    used 4949K, capacity 5293K, committed 5324K, reserved 1048576K
GC Heap History (14 events):
Event: 1.941 GC heap before
{Heap before GC invocations=0 (full 0):
 garbage-first heap   total 122880K, used 29696K [0x0000000080000000, 0x0000000100000000)
  region size 1024K, 24 young (24576K), 0 survivors (0K)
 Metaspace       used 10131K, capacity 10337K, committed 10624K, reserved 1058816K
  class space    used 1033K, capacity 1108K, committed 1152K, reserved 1048576K
}
Event: 1.954 GC heap after
{Heap after GC invocations=1 (full 0):
 garbage-first heap   total 122880K, used 9377K [0x0000000080000000, 0x0000000100000000)
  region size 1024K, 3 young (3072K), 3 survivors (3072K)
 Metaspace       used 10131K, capacity 10337K, committed 10624K, reserved 1058816K
  class space    used 1033K, capacity 1108K, committed 1152K, reserved 1048576K
}
Event: 5.548 GC heap before
{Heap before GC invocations=1 (full 0):
 garbage-first heap   total 122880K, used 81057K [0x0000000080000000, 0x0000000100000000)
  region size 1024K, 72 young (73728K), 3 survivors (3072K)
 Metaspace       used 17785K, capacity 18173K, committed 18432K, reserved 1064960K
  class space    used 2070K, capacity 2211K, committed 2304K, reserved 1048576K
}
Event: 5.566 GC heap after
{Heap after GC invocations=2 (full 0):
 garbage-first heap   total 122880K, used 16367K [0x0000000080000000, 0x0000000100000000)
  region size 1024K, 9 young (9216K), 9 survivors (9216K)
 Metaspace       used 17785K, capacity 18173K, committed 18432K, reserved 1064960K
  class space    used 2070K, capacity 2211K, committed 2304K, reserved 1048576K
}
Event: 5.907 GC heap before
{Heap before GC invocations=2 (full 0):
 garbage-first heap   total 122880K, used 27631K [0x0000000080000000, 0x0000000100000000)
  region size 1024K, 20 young (20480K), 9 survivors (9216K)
 Metaspace       used 19357K, capacity 19750K, committed 19840K, reserved 1067008K
  class space    used 2282K, capacity 2419K, committed 2432K, reserved 1048576K
}
Event: 5.921 GC heap after
{Heap after GC invocations=3 (full 0):
 garbage-first heap   total 122880K, used 16912K [0x0000000080000000, 0x0000000100000000)
  region size 1024K, 1 young (1024K), 1 survivors (1024K)
 Metaspace       used 19357K, capacity 19750K, committed 19840K, reserved 1067008K
  class space    used 2282K, capacity 2419K, committed 2432K, reserved 1048576K
}
Event: 6.263 GC heap before
{Heap before GC invocations=3 (full 0):
 garbage-first heap   total 122880K, used 33296K [0x0000000080000000, 0x0000000100000000)
  region size 1024K, 18 young (18432K), 1 survivors (1024K)
 Metaspace       used 20805K, capacity 21197K, committed 21296K, reserved 1069056K
  class space    used 2528K, capacity 2687K, committed 2688K, reserved 1048576K
}
Event: 6.267 GC heap after
{Heap after GC invocations=4 (full 0):
 garbage-first heap   total 122880K, used 17227K [0x0000000080000000, 0x0000000100000000)
  region size 1024K, 1 young (1024K), 1 survivors (1024K)
 Metaspace       used 20805K, capacity 21197K, committed 21296K, reserved 1069056K
  class space    used 2528K, capacity 2687K, committed 2688K, reserved 1048576K
}
Event: 7.170 GC heap before
{Heap before GC invocations=5 (full 0):
 garbage-first heap   total 122880K, used 62283K [0x0000000080000000, 0x0000000100000000)
  region size 1024K, 45 young (46080K), 1 survivors (1024K)
 Metaspace       used 25395K, capacity 25885K, committed 25980K, reserved 1071104K
  class space    used 3268K, capacity 3450K, committed 3532K, reserved 1048576K
}
Event: 7.174 GC heap after
{Heap after GC invocations=6 (full 0):
 garbage-first heap   total 122880K, used 18981K [0x0000000080000000, 0x0000000100000000)
  region size 1024K, 3 young (3072K), 3 survivors (3072K)
 Metaspace       used 25395K, capacity 25885K, committed 25980K, reserved 1071104K
  class space    used 3268K, capacity 3450K, committed 3532K, reserved 1048576K
}
Event: 8.061 GC heap before
{Heap before GC invocations=6 (full 0):
 garbage-first heap   total 122880K, used 68133K [0x0000000080000000, 0x0000000100000000)
  region size 1024K, 51 young (52224K), 3 survivors (3072K)
 Metaspace       used 29982K, capacity 30661K, committed 30844K, reserved 1075200K
  class space    used 3993K, capacity 4282K, committed 4300K, reserved 1048576K
}
Event: 8.070 GC heap after
{Heap after GC invocations=7 (full 0):
 garbage-first heap   total 122880K, used 20402K [0x0000000080000000, 0x0000000100000000)
  region size 1024K, 4 young (4096K), 4 survivors (4096K)
 Metaspace       used 29982K, capacity 30661K, committed 30844K, reserved 1075200K
  class space    used 3993K, capacity 4282K, committed 4300K, reserved 1048576K
}
Event: 9.039 GC heap before
{Heap before GC invocations=7 (full 0):
 garbage-first heap   total 122880K, used 48050K [0x0000000080000000, 0x0000000100000000)
  region size 1024K, 32 young (32768K), 4 survivors (4096K)
 Metaspace       used 35082K, capacity 35958K, committed 36048K, reserved 1081344K
  class space    used 4571K, capacity 4921K, committed 4940K, reserved 1048576K
}
Event: 9.061 GC heap after
{Heap after GC invocations=8 (full 0):
 garbage-first heap   total 122880K, used 22886K [0x0000000080000000, 0x0000000100000000)
  region size 1024K, 7 young (7168K), 7 survivors (7168K)
 Metaspace       used 35082K, capacity 35958K, committed 36048K, reserved 1081344K
  class space    used 4571K, capacity 4921K, committed 4940K, reserved 1048576K
}

