# JRE version: OpenJDK Runtime Environment (11.0.15) (build 11.0.15+0-b2043.56-8887301)
# Java VM: OpenJDK 64-Bit Server VM (11.0.15+0-b2043.56-8887301, mixed mode, tiered, compressed oops, g1 gc, windows-amd64)
Heap:
 garbage-first heap   total 234496K, used 137703K [0x0000000080000000, 0x0000000100000000)
  region size 1024K, 3 young (3072K), 3 survivors (3072K)
 Metaspace       used 110093K, capacity 113213K, committed 113872K, reserved 1148928K
  class space    used 13813K, capacity 14973K, committed 15180K, reserved 1048576K
GC Heap History (20 events):
Event: 293.655 GC heap after
{Heap after GC invocations=43 (full 0):
 garbage-first heap   total 177152K, used 110883K [0x0000000080000000, 0x0000000100000000)
  region size 1024K, 5 young (5120K), 5 survivors (5120K)
 Metaspace       used 103911K, capacity 106934K, committed 107216K, reserved 1142784K
  class space    used 12984K, capacity 14099K, committed 14156K, reserved 1048576K
}
Event: 293.869 GC heap before
{Heap before GC invocations=44 (full 0):
 garbage-first heap   total 177152K, used 145699K [0x0000000080000000, 0x0000000100000000)
  region size 1024K, 41 young (41984K), 5 survivors (5120K)
 Metaspace       used 104429K, capacity 107483K, committed 107600K, reserved 1142784K
  class space    used 13057K, capacity 14196K, committed 14284K, reserved 1048576K
}
Event: 293.884 GC heap after
{Heap after GC invocations=45 (full 0):
 garbage-first heap   total 177152K, used 118245K [0x0000000080000000, 0x0000000100000000)
  region size 1024K, 5 young (5120K), 5 survivors (5120K)
 Metaspace       used 104429K, capacity 107483K, committed 107600K, reserved 1142784K
  class space    used 13057K, capacity 14196K, committed 14284K, reserved 1048576K
}
Event: 293.896 GC heap before
{Heap before GC invocations=45 (full 0):
 garbage-first heap   total 177152K, used 120293K [0x0000000080000000, 0x0000000100000000)
  region size 1024K, 8 young (8192K), 5 survivors (5120K)
 Metaspace       used 104445K, capacity 107484K, committed 107600K, reserved 1142784K
  class space    used 13058K, capacity 14196K, committed 14284K, reserved 1048576K
}
Event: 293.909 GC heap after
{Heap after GC invocations=46 (full 0):
 garbage-first heap   total 177152K, used 112408K [0x0000000080000000, 0x0000000100000000)
  region size 1024K, 1 young (1024K), 1 survivors (1024K)
 Metaspace       used 104445K, capacity 107484K, committed 107600K, reserved 1142784K
  class space    used 13058K, capacity 14196K, committed 14284K, reserved 1048576K
}
Event: 294.094 GC heap before
{Heap before GC invocations=46 (full 0):
 garbage-first heap   total 177152K, used 143128K [0x0000000080000000, 0x0000000100000000)
  region size 1024K, 32 young (32768K), 1 survivors (1024K)
 Metaspace       used 105061K, capacity 108092K, committed 108112K, reserved 1142784K
  class space    used 13137K, capacity 14272K, committed 14284K, reserved 1048576K
}
Event: 294.106 GC heap after
{Heap after GC invocations=47 (full 0):
 garbage-first heap   total 177152K, used 121755K [0x0000000080000000, 0x0000000100000000)
  region size 1024K, 4 young (4096K), 4 survivors (4096K)
 Metaspace       used 105061K, capacity 108092K, committed 108112K, reserved 1142784K
  class space    used 13137K, capacity 14272K, committed 14284K, reserved 1048576K
}
Event: 294.944 GC heap before
{Heap before GC invocations=48 (full 0):
 garbage-first heap   total 177152K, used 144283K [0x0000000080000000, 0x0000000100000000)
  region size 1024K, 27 young (27648K), 4 survivors (4096K)
 Metaspace       used 107667K, capacity 110848K, committed 110928K, reserved 1144832K
  class space    used 13526K, capacity 14738K, committed 14796K, reserved 1048576K
}
Event: 294.956 GC heap after
{Heap after GC invocations=49 (full 0):
 garbage-first heap   total 177152K, used 125457K [0x0000000080000000, 0x0000000100000000)
  region size 1024K, 4 young (4096K), 4 survivors (4096K)
 Metaspace       used 107667K, capacity 110848K, committed 110928K, reserved 1144832K
  class space    used 13526K, capacity 14738K, committed 14796K, reserved 1048576K
}
Event: 295.010 GC heap before
{Heap before GC invocations=49 (full 0):
 garbage-first heap   total 177152K, used 129553K [0x0000000080000000, 0x0000000100000000)
  region size 1024K, 8 young (8192K), 4 survivors (4096K)
 Metaspace       used 107806K, capacity 110979K, committed 111184K, reserved 1146880K
  class space    used 13538K, capacity 14739K, committed 14796K, reserved 1048576K
}
Event: 295.020 GC heap after
{Heap after GC invocations=50 (full 0):
 garbage-first heap   total 177152K, used 124526K [0x0000000080000000, 0x0000000100000000)
  region size 1024K, 1 young (1024K), 1 survivors (1024K)
 Metaspace       used 107806K, capacity 110979K, committed 111184K, reserved 1146880K
  class space    used 13538K, capacity 14739K, committed 14796K, reserved 1048576K
}
Event: 295.312 GC heap before
{Heap before GC invocations=50 (full 0):
 garbage-first heap   total 177152K, used 146030K [0x0000000080000000, 0x0000000100000000)
  region size 1024K, 23 young (23552K), 1 survivors (1024K)
 Metaspace       used 108404K, capacity 111715K, committed 111824K, reserved 1146880K
  class space    used 13634K, capacity 14857K, committed 14924K, reserved 1048576K
}
Event: 295.325 GC heap after
{Heap after GC invocations=51 (full 0):
 garbage-first heap   total 177152K, used 129697K [0x0000000080000000, 0x0000000100000000)
  region size 1024K, 3 young (3072K), 3 survivors (3072K)
 Metaspace       used 108404K, capacity 111715K, committed 111824K, reserved 1146880K
  class space    used 13634K, capacity 14857K, committed 14924K, reserved 1048576K
}
Event: 295.890 GC heap before
{Heap before GC invocations=52 (full 0):
 garbage-first heap   total 177152K, used 148129K [0x0000000080000000, 0x0000000100000000)
  region size 1024K, 21 young (21504K), 3 survivors (3072K)
 Metaspace       used 108902K, capacity 112005K, committed 112720K, reserved 1146880K
  class space    used 13644K, capacity 14806K, committed 15052K, reserved 1048576K
}
Event: 295.907 GC heap after
{Heap after GC invocations=53 (full 0):
 garbage-first heap   total 177152K, used 133193K [0x0000000080000000, 0x0000000100000000)
  region size 1024K, 3 young (3072K), 3 survivors (3072K)
 Metaspace       used 108902K, capacity 112005K, committed 112720K, reserved 1146880K
  class space    used 13644K, capacity 14806K, committed 15052K, reserved 1048576K
}
Event: 295.978 GC heap before
{Heap before GC invocations=53 (full 0):
 garbage-first heap   total 177152K, used 138313K [0x0000000080000000, 0x0000000100000000)
  region size 1024K, 8 young (8192K), 3 survivors (3072K)
 Metaspace       used 109153K, capacity 112315K, committed 112976K, reserved 1146880K
  class space    used 13680K, capacity 14845K, committed 15052K, reserved 1048576K
}
Event: 295.987 GC heap after
{Heap after GC invocations=54 (full 0):
 garbage-first heap   total 177152K, used 130828K [0x0000000080000000, 0x0000000100000000)
  region size 1024K, 1 young (1024K), 1 survivors (1024K)
 Metaspace       used 109153K, capacity 112315K, committed 112976K, reserved 1146880K
  class space    used 13680K, capacity 14845K, committed 15052K, reserved 1048576K
}
Event: 296.075 GC heap before
{Heap before GC invocations=54 (full 0):
 garbage-first heap   total 177152K, used 148236K [0x0000000080000000, 0x0000000100000000)
  region size 1024K, 18 young (18432K), 1 survivors (1024K)
 Metaspace       used 109747K, capacity 112860K, committed 113616K, reserved 1148928K
  class space    used 13781K, capacity 14941K, committed 15180K, reserved 1048576K
}
Event: 296.083 GC heap after
{Heap after GC invocations=55 (full 0):
 garbage-first heap   total 177152K, used 134549K [0x0000000080000000, 0x0000000100000000)
  region size 1024K, 3 young (3072K), 3 survivors (3072K)
 Metaspace       used 109747K, capacity 112860K, committed 113616K, reserved 1148928K
  class space    used 13781K, capacity 14941K, committed 15180K, reserved 1048576K
}
Event: 296.158 GC heap before
{Heap before GC invocations=55 (full 0):
 garbage-first heap   total 177152K, used 149909K [0x0000000080000000, 0x0000000100000000)
  region size 1024K, 18 young (18432K), 3 survivors (3072K)
 Metaspace       used 110093K, capacity 113213K, committed 113872K, reserved 1148928K
  class space    used 13813K, capacity 14973K, committed 15180K, reserved 1048576K
}

