# JRE version: OpenJDK Runtime Environment (11.0.15) (build 11.0.15+0-b2043.56-8887301)
# Java VM: OpenJDK 64-Bit Server VM (11.0.15+0-b2043.56-8887301, mixed mode, tiered, compressed oops, g1 gc, windows-amd64)
Heap:
 garbage-first heap   total 177152K, used 110567K [0x0000000080000000, 0x0000000100000000)
  region size 1024K, 19 young (19456K), 6 survivors (6144K)
 Metaspace       used 102346K, capacity 105160K, committed 105392K, reserved 1140736K
  class space    used 12862K, capacity 13951K, committed 13976K, reserved 1048576K
GC Heap History (20 events):
Event: 22.121 GC heap before
{Heap before GC invocations=19 (full 0):
 garbage-first heap   total 177152K, used 137073K [0x0000000080000000, 0x0000000100000000)
  region size 1024K, 86 young (88064K), 11 survivors (11264K)
 Metaspace       used 81421K, capacity 83418K, committed 83632K, reserved 1122304K
  class space    used 10606K, capacity 11344K, committed 11416K, reserved 1048576K
}
Event: 22.141 GC heap after
{Heap after GC invocations=20 (full 0):
 garbage-first heap   total 177152K, used 66498K [0x0000000080000000, 0x0000000100000000)
  region size 1024K, 11 young (11264K), 11 survivors (11264K)
 Metaspace       used 81421K, capacity 83418K, committed 83632K, reserved 1122304K
  class space    used 10606K, capacity 11344K, committed 11416K, reserved 1048576K
}
Event: 23.159 GC heap before
{Heap before GC invocations=20 (full 0):
 garbage-first heap   total 177152K, used 138178K [0x0000000080000000, 0x0000000100000000)
  region size 1024K, 82 young (83968K), 11 survivors (11264K)
 Metaspace       used 84754K, capacity 87031K, committed 87216K, reserved 1124352K
  class space    used 11034K, capacity 11883K, committed 11928K, reserved 1048576K
}
Event: 23.175 GC heap after
{Heap after GC invocations=21 (full 0):
 garbage-first heap   total 177152K, used 76749K [0x0000000080000000, 0x0000000100000000)
  region size 1024K, 11 young (11264K), 11 survivors (11264K)
 Metaspace       used 84754K, capacity 87031K, committed 87216K, reserved 1124352K
  class space    used 11034K, capacity 11883K, committed 11928K, reserved 1048576K
}
Event: 23.985 GC heap before
{Heap before GC invocations=21 (full 0):
 garbage-first heap   total 177152K, used 138189K [0x0000000080000000, 0x0000000100000000)
  region size 1024K, 72 young (73728K), 11 survivors (11264K)
 Metaspace       used 86166K, capacity 88710K, committed 88752K, reserved 1126400K
  class space    used 11220K, capacity 12169K, committed 12184K, reserved 1048576K
}
Event: 24.005 GC heap after
{Heap after GC invocations=22 (full 0):
 garbage-first heap   total 177152K, used 81558K [0x0000000080000000, 0x0000000100000000)
  region size 1024K, 5 young (5120K), 5 survivors (5120K)
 Metaspace       used 86166K, capacity 88710K, committed 88752K, reserved 1126400K
  class space    used 11220K, capacity 12169K, committed 12184K, reserved 1048576K
}
Event: 24.941 GC heap before
{Heap before GC invocations=22 (full 0):
 garbage-first heap   total 177152K, used 140950K [0x0000000080000000, 0x0000000100000000)
  region size 1024K, 64 young (65536K), 5 survivors (5120K)
 Metaspace       used 90625K, capacity 93200K, committed 93488K, reserved 1130496K
  class space    used 11779K, capacity 12735K, committed 12824K, reserved 1048576K
}
Event: 24.948 GC heap after
{Heap after GC invocations=23 (full 0):
 garbage-first heap   total 177152K, used 83688K [0x0000000080000000, 0x0000000100000000)
  region size 1024K, 3 young (3072K), 3 survivors (3072K)
 Metaspace       used 90625K, capacity 93200K, committed 93488K, reserved 1130496K
  class space    used 11779K, capacity 12735K, committed 12824K, reserved 1048576K
}
Event: 25.606 GC heap before
{Heap before GC invocations=23 (full 0):
 garbage-first heap   total 177152K, used 143080K [0x0000000080000000, 0x0000000100000000)
  region size 1024K, 62 young (63488K), 3 survivors (3072K)
 Metaspace       used 93146K, capacity 95789K, committed 96048K, reserved 1132544K
  class space    used 12072K, capacity 13053K, committed 13080K, reserved 1048576K
}
Event: 25.620 GC heap after
{Heap after GC invocations=24 (full 0):
 garbage-first heap   total 177152K, used 87125K [0x0000000080000000, 0x0000000100000000)
  region size 1024K, 6 young (6144K), 6 survivors (6144K)
 Metaspace       used 93146K, capacity 95789K, committed 96048K, reserved 1132544K
  class space    used 12072K, capacity 13053K, committed 13080K, reserved 1048576K
}
Event: 26.424 GC heap before
{Heap before GC invocations=25 (full 0):
 garbage-first heap   total 177152K, used 144469K [0x0000000080000000, 0x0000000100000000)
  region size 1024K, 63 young (64512K), 6 survivors (6144K)
 Metaspace       used 93350K, capacity 95828K, committed 96432K, reserved 1132544K
  class space    used 12017K, capacity 12968K, committed 13208K, reserved 1048576K
}
Event: 26.436 GC heap after
{Heap after GC invocations=26 (full 0):
 garbage-first heap   total 177152K, used 91158K [0x0000000080000000, 0x0000000100000000)
  region size 1024K, 8 young (8192K), 8 survivors (8192K)
 Metaspace       used 93350K, capacity 95828K, committed 96432K, reserved 1132544K
  class space    used 12017K, capacity 12968K, committed 13208K, reserved 1048576K
}
Event: 31.782 GC heap before
{Heap before GC invocations=26 (full 0):
 garbage-first heap   total 177152K, used 145430K [0x0000000080000000, 0x0000000100000000)
  region size 1024K, 62 young (63488K), 8 survivors (8192K)
 Metaspace       used 95158K, capacity 97834K, committed 98096K, reserved 1134592K
  class space    used 12222K, capacity 13205K, committed 13336K, reserved 1048576K
}
Event: 31.796 GC heap after
{Heap after GC invocations=27 (full 0):
 garbage-first heap   total 177152K, used 94208K [0x0000000080000000, 0x0000000100000000)
  region size 1024K, 7 young (7168K), 7 survivors (7168K)
 Metaspace       used 95158K, capacity 97834K, committed 98096K, reserved 1134592K
  class space    used 12222K, capacity 13205K, committed 13336K, reserved 1048576K
}
Event: 32.595 GC heap before
{Heap before GC invocations=28 (full 0):
 garbage-first heap   total 177152K, used 113664K [0x0000000080000000, 0x0000000100000000)
  region size 1024K, 28 young (28672K), 7 survivors (7168K)
 Metaspace       used 97154K, capacity 99839K, committed 100144K, reserved 1136640K
  class space    used 12477K, capacity 13506K, committed 13592K, reserved 1048576K
}
Event: 32.607 GC heap after
{Heap after GC invocations=29 (full 0):
 garbage-first heap   total 177152K, used 96340K [0x0000000080000000, 0x0000000100000000)
  region size 1024K, 6 young (6144K), 6 survivors (6144K)
 Metaspace       used 97154K, capacity 99839K, committed 100144K, reserved 1136640K
  class space    used 12477K, capacity 13506K, committed 13592K, reserved 1048576K
}
Event: 339.457 GC heap before
{Heap before GC invocations=30 (full 0):
 garbage-first heap   total 177152K, used 145492K [0x0000000080000000, 0x0000000100000000)
  region size 1024K, 46 young (47104K), 6 survivors (6144K)
 Metaspace       used 101472K, capacity 104149K, committed 104368K, reserved 1140736K
  class space    used 12847K, capacity 13923K, committed 13976K, reserved 1048576K
}
Event: 339.468 GC heap after
{Heap after GC invocations=31 (full 0):
 garbage-first heap   total 177152K, used 95845K [0x0000000080000000, 0x0000000100000000)
  region size 1024K, 4 young (4096K), 4 survivors (4096K)
 Metaspace       used 101472K, capacity 104149K, committed 104368K, reserved 1140736K
  class space    used 12847K, capacity 13923K, committed 13976K, reserved 1048576K
}
Event: 341.262 GC heap before
{Heap before GC invocations=31 (full 0):
 garbage-first heap   total 177152K, used 137829K [0x0000000080000000, 0x0000000100000000)
  region size 1024K, 46 young (47104K), 4 survivors (4096K)
 Metaspace       used 102234K, capacity 105065K, committed 105136K, reserved 1140736K
  class space    used 12860K, capacity 13947K, committed 13976K, reserved 1048576K
}
Event: 341.288 GC heap after
{Heap after GC invocations=32 (full 0):
 garbage-first heap   total 177152K, used 99303K [0x0000000080000000, 0x0000000100000000)
  region size 1024K, 6 young (6144K), 6 survivors (6144K)
 Metaspace       used 102234K, capacity 105065K, committed 105136K, reserved 1140736K
  class space    used 12860K, capacity 13947K, committed 13976K, reserved 1048576K
}

