# JRE version: OpenJDK Runtime Environment (11.0.15) (build 11.0.15+0-b2043.56-8887301)
# Java VM: OpenJDK 64-Bit Server VM (11.0.15+0-b2043.56-8887301, mixed mode, tiered, compressed oops, g1 gc, windows-amd64)
Heap:
 garbage-first heap   total 275456K, used 139990K [0x0000000080000000, 0x0000000100000000)
  region size 1024K, 2 young (2048K), 2 survivors (2048K)
 Metaspace       used 107229K, capacity 110409K, committed 110544K, reserved 1144832K
  class space    used 13609K, capacity 14868K, committed 14924K, reserved 1048576K
GC Heap History (20 events):
Event: 141.030 GC heap after
{Heap after GC invocations=35 (full 0):
 garbage-first heap   total 177152K, used 109298K [0x0000000080000000, 0x0000000100000000)
  region size 1024K, 1 young (1024K), 1 survivors (1024K)
 Metaspace       used 100284K, capacity 103139K, committed 103504K, reserved 1138688K
  class space    used 12596K, capacity 13646K, committed 13772K, reserved 1048576K
}
Event: 141.204 GC heap before
{Heap before GC invocations=35 (full 0):
 garbage-first heap   total 177152K, used 140018K [0x0000000080000000, 0x0000000100000000)
  region size 1024K, 32 young (32768K), 1 survivors (1024K)
 Metaspace       used 100880K, capacity 103685K, committed 103760K, reserved 1138688K
  class space    used 12672K, capacity 13722K, committed 13772K, reserved 1048576K
}
Event: 141.216 GC heap after
{Heap after GC invocations=36 (full 0):
 garbage-first heap   total 177152K, used 118109K [0x0000000080000000, 0x0000000100000000)
  region size 1024K, 4 young (4096K), 4 survivors (4096K)
 Metaspace       used 100880K, capacity 103685K, committed 103760K, reserved 1138688K
  class space    used 12672K, capacity 13722K, committed 13772K, reserved 1048576K
}
Event: 141.829 GC heap before
{Heap before GC invocations=37 (full 0):
 garbage-first heap   total 177152K, used 142685K [0x0000000080000000, 0x0000000100000000)
  region size 1024K, 29 young (29696K), 4 survivors (4096K)
 Metaspace       used 103514K, capacity 106552K, committed 106832K, reserved 1142784K
  class space    used 13061K, capacity 14210K, committed 14284K, reserved 1048576K
}
Event: 141.842 GC heap after
{Heap after GC invocations=38 (full 0):
 garbage-first heap   total 177152K, used 121650K [0x0000000080000000, 0x0000000100000000)
  region size 1024K, 4 young (4096K), 4 survivors (4096K)
 Metaspace       used 103514K, capacity 106552K, committed 106832K, reserved 1142784K
  class space    used 13061K, capacity 14210K, committed 14284K, reserved 1048576K
}
Event: 141.885 GC heap before
{Heap before GC invocations=38 (full 0):
 garbage-first heap   total 177152K, used 124722K [0x0000000080000000, 0x0000000100000000)
  region size 1024K, 8 young (8192K), 4 survivors (4096K)
 Metaspace       used 103698K, capacity 106759K, committed 106832K, reserved 1142784K
  class space    used 13089K, capacity 14215K, committed 14284K, reserved 1048576K
}
Event: 141.895 GC heap after
{Heap after GC invocations=39 (full 0):
 garbage-first heap   total 177152K, used 119961K [0x0000000080000000, 0x0000000100000000)
  region size 1024K, 1 young (1024K), 1 survivors (1024K)
 Metaspace       used 103698K, capacity 106759K, committed 106832K, reserved 1142784K
  class space    used 13089K, capacity 14215K, committed 14284K, reserved 1048576K
}
Event: 142.082 GC heap before
{Heap before GC invocations=39 (full 0):
 garbage-first heap   total 177152K, used 144537K [0x0000000080000000, 0x0000000100000000)
  region size 1024K, 25 young (25600K), 1 survivors (1024K)
 Metaspace       used 104347K, capacity 107463K, committed 107728K, reserved 1142784K
  class space    used 13181K, capacity 14322K, committed 14412K, reserved 1048576K
}
Event: 142.099 GC heap after
{Heap after GC invocations=40 (full 0):
 garbage-first heap   total 177152K, used 125457K [0x0000000080000000, 0x0000000100000000)
  region size 1024K, 4 young (4096K), 4 survivors (4096K)
 Metaspace       used 104347K, capacity 107463K, committed 107728K, reserved 1142784K
  class space    used 13181K, capacity 14322K, committed 14412K, reserved 1048576K
}
Event: 142.394 GC heap before
{Heap before GC invocations=40 (full 0):
 garbage-first heap   total 177152K, used 146961K [0x0000000080000000, 0x0000000100000000)
  region size 1024K, 25 young (25600K), 4 survivors (4096K)
 Metaspace       used 104971K, capacity 107897K, committed 108624K, reserved 1142784K
  class space    used 13212K, capacity 14294K, committed 14540K, reserved 1048576K
}
Event: 142.413 GC heap after
{Heap after GC invocations=41 (full 0):
 garbage-first heap   total 177152K, used 129537K [0x0000000080000000, 0x0000000100000000)
  region size 1024K, 4 young (4096K), 4 survivors (4096K)
 Metaspace       used 104971K, capacity 107897K, committed 108624K, reserved 1142784K
  class space    used 13212K, capacity 14294K, committed 14540K, reserved 1048576K
}
Event: 142.588 GC heap before
{Heap before GC invocations=42 (full 0):
 garbage-first heap   total 177152K, used 146945K [0x0000000080000000, 0x0000000100000000)
  region size 1024K, 22 young (22528K), 4 survivors (4096K)
 Metaspace       used 105716K, capacity 108676K, committed 109264K, reserved 1144832K
  class space    used 13331K, capacity 14423K, committed 14668K, reserved 1048576K
}
Event: 142.606 GC heap after
{Heap after GC invocations=43 (full 0):
 garbage-first heap   total 177152K, used 133207K [0x0000000080000000, 0x0000000100000000)
  region size 1024K, 3 young (3072K), 3 survivors (3072K)
 Metaspace       used 105716K, capacity 108676K, committed 109264K, reserved 1144832K
  class space    used 13331K, capacity 14423K, committed 14668K, reserved 1048576K
}
Event: 142.644 GC heap before
{Heap before GC invocations=43 (full 0):
 garbage-first heap   total 177152K, used 138327K [0x0000000080000000, 0x0000000100000000)
  region size 1024K, 8 young (8192K), 3 survivors (3072K)
 Metaspace       used 105848K, capacity 108804K, committed 109520K, reserved 1144832K
  class space    used 13335K, capacity 14423K, committed 14668K, reserved 1048576K
}
Event: 142.657 GC heap after
{Heap after GC invocations=44 (full 0):
 garbage-first heap   total 177152K, used 130855K [0x0000000080000000, 0x0000000100000000)
  region size 1024K, 1 young (1024K), 1 survivors (1024K)
 Metaspace       used 105848K, capacity 108804K, committed 109520K, reserved 1144832K
  class space    used 13335K, capacity 14423K, committed 14668K, reserved 1048576K
}
Event: 142.803 GC heap before
{Heap before GC invocations=44 (full 0):
 garbage-first heap   total 177152K, used 148263K [0x0000000080000000, 0x0000000100000000)
  region size 1024K, 18 young (18432K), 1 survivors (1024K)
 Metaspace       used 106731K, capacity 109797K, committed 110160K, reserved 1144832K
  class space    used 13498K, capacity 14660K, committed 14796K, reserved 1048576K
}
Event: 142.814 GC heap after
{Heap after GC invocations=45 (full 0):
 garbage-first heap   total 177152K, used 133747K [0x0000000080000000, 0x0000000100000000)
  region size 1024K, 3 young (3072K), 3 survivors (3072K)
 Metaspace       used 106731K, capacity 109797K, committed 110160K, reserved 1144832K
  class space    used 13498K, capacity 14660K, committed 14796K, reserved 1048576K
}
Event: 142.945 GC heap before
{Heap before GC invocations=45 (full 0):
 garbage-first heap   total 177152K, used 150131K [0x0000000080000000, 0x0000000100000000)
  region size 1024K, 19 young (19456K), 3 survivors (3072K)
 Metaspace       used 107079K, capacity 110237K, committed 110544K, reserved 1144832K
  class space    used 13601K, capacity 14832K, committed 14924K, reserved 1048576K
}
Event: 142.953 GC heap after
{Heap after GC invocations=46 (full 0):
 garbage-first heap   total 177152K, used 137258K [0x0000000080000000, 0x0000000100000000)
  region size 1024K, 3 young (3072K), 3 survivors (3072K)
 Metaspace       used 107079K, capacity 110237K, committed 110544K, reserved 1144832K
  class space    used 13601K, capacity 14832K, committed 14924K, reserved 1048576K
}
Event: 142.985 GC heap before
{Heap before GC invocations=46 (full 0):
 garbage-first heap   total 177152K, used 150570K [0x0000000080000000, 0x0000000100000000)
  region size 1024K, 16 young (16384K), 3 survivors (3072K)
 Metaspace       used 107229K, capacity 110409K, committed 110544K, reserved 1144832K
  class space    used 13609K, capacity 14868K, committed 14924K, reserved 1048576K
}

